#
# There is insufficient memory for the Java Runtime Environment to continue.
# Native memory allocation (mmap) failed to map 132120576 bytes for G1 virtual space
# Possible reasons:
#   The system is out of physical RAM or swap space
#   The process is running with CompressedOops enabled, and the Java Heap may be blocking the growth of the native heap
# Possible solutions:
#   Reduce memory load on the system
#   Increase physical memory or swap space
#   Check if swap backing store is full
#   Decrease Java heap size (-Xmx/-Xms)
#   Decrease number of Java threads
#   Decrease Java thread stack sizes (-Xss)
#   Set larger code cache with -XX:ReservedCodeCacheSize=
#   JVM is running with Unscaled Compressed Oops mode in which the Java heap is
#     placed in the first 4GB address space. The Java Heap base address is the
#     maximum limit for the native heap growth. Please use -XX:HeapBaseMinAddress
#     to set the Java Heap base and to place the Java Heap above 4GB virtual address.
# This output file may be truncated or incomplete.
#
#  Out of Memory Error (os_windows.cpp:3600), pid=11896, tid=14052
#
# JRE version:  (21.0.1+12) (build )
# Java VM: Java HotSpot(TM) 64-Bit Server VM (21.0.1+12-LTS-29, mixed mode, sharing, tiered, compressed oops, compressed class ptrs, g1 gc, windows-amd64)
# No core dump will be written. Minidumps are not enabled by default on client versions of Windows
#

---------------  S U M M A R Y ------------

Command Line: -Dfile.encoding=UTF-8 --module-path=D:\iTi\9 Months\13.Java oop\Labs\lab 5\Mini_Project_kassas_Huda_V2\build\classes mini_project_kassas_huda_v2.Mini_Project_kassas_Huda_V2

Host: Intel(R) Core(TM) i5-10300H CPU @ 2.50GHz, 8 cores, 7G,  Windows 10 , 64 bit Build 19041 (10.0.19041.2546)
Time: Sat Jan  6 23:47:22 2024 Egypt Standard Time elapsed time: 0.011192 seconds (0d 0h 0m 0s)

---------------  T H R E A D  ---------------

Current thread (0x000001f31da39540):  JavaThread "Unknown thread" [_thread_in_vm, id=14052, stack(0x0000003121c00000,0x0000003121d00000) (1024K)]

Stack: [0x0000003121c00000,0x0000003121d00000]
Native frames: (J=compiled Java code, j=interpreted, Vv=VM code, C=native code)
V  [jvm.dll+0x6c9029]
V  [jvm.dll+0x854b81]
V  [jvm.dll+0x856e5e]
V  [jvm.dll+0x857543]
V  [jvm.dll+0x280c06]
V  [jvm.dll+0x6c5715]
V  [jvm.dll+0x6ba10a]
V  [jvm.dll+0x3557ea]
V  [jvm.dll+0x35d436]
V  [jvm.dll+0x3ae1be]
V  [jvm.dll+0x3ae468]
V  [jvm.dll+0x3291fc]
V  [jvm.dll+0x329d8b]
V  [jvm.dll+0x81d179]
V  [jvm.dll+0x3bb4f1]
V  [jvm.dll+0x805ae8]
V  [jvm.dll+0x44effe]
V  [jvm.dll+0x450901]
C  [jli.dll+0x52a3]
C  [ucrtbase.dll+0x21bb2]
C  [KERNEL32.DLL+0x17614]
C  [ntdll.dll+0x526a1]


---------------  P R O C E S S  ---------------

Threads class SMR info:
_java_thread_list=0x00007ffd91909b88, length=0, elements={
}

Java Threads: ( => current thread )
Total: 0

Other Threads:
  0x000001f31fb979a0 WorkerThread "GC Thread#0"                     [id=14676, stack(0x0000003121d00000,0x0000003121e00000) (1024K)]
  0x000001f31fba8470 ConcurrentGCThread "G1 Main Marker"            [id=9596, stack(0x0000003121e00000,0x0000003121f00000) (1024K)]
  0x000001f31fba8f70 WorkerThread "G1 Conc#0"                       [id=2128, stack(0x0000003121f00000,0x0000003122000000) (1024K)]

[error occurred during error reporting (printing all threads), id 0xc0000005, EXCEPTION_ACCESS_VIOLATION (0xc0000005) at pc=0x00007ffd9107c2c7]
VM state: not at safepoint (not fully initialized)

VM Mutex/Monitor currently owned by a thread:  ([mutex/lock_event])
[0x00007ffd9197a6f8] Heap_lock - owner thread: 0x000001f31da39540

Heap address: 0x0000000083600000, size: 1994 MB, Compressed Oops mode: 32-bit

CDS archive(s) mapped at: [0x0000000000000000-0x0000000000000000-0x0000000000000000), size 0, SharedBaseAddress: 0x0000000800000000, ArchiveRelocationMode: 1.
Narrow klass base: 0x0000000000000000, Narrow klass shift: 0, Narrow klass range: 0x0

GC Precious Log:
 CardTable entry size: 512
 Card Set container configuration: InlinePtr #cards 5 size 8 Array Of Cards #cards 12 size 40 Howl #buckets 4 coarsen threshold 1843 Howl Bitmap #cards 512 size 80 coarsen threshold 460 Card regions per heap region 1 cards per card region 2048

Heap:
 garbage-first heap   total 0K, used 0K [0x0000000083600000, 0x0000000100000000)
  region size 1024K, 0 young (0K), 0 survivors (0K)

[error occurred during error reporting (printing heap information), id 0xc0000005, EXCEPTION_ACCESS_VIOLATION (0xc0000005) at pc=0x00007ffd91461be9]
GC Heap History (0 events):
No events

Dll operation events (1 events):
Event: 0.005 Loaded shared library C:\Program Files\Java\jdk-21\bin\java.dll

Deoptimization events (0 events):
No events

Classes loaded (0 events):
No events

Classes unloaded (0 events):
No events

Classes redefined (0 events):
No events

Internal exceptions (0 events):
No events

ZGC Phase Switch (0 events):
No events

VM Operations (0 events):
No events

Events (0 events):
No events


Dynamic libraries:
0x00007ff63bca0000 - 0x00007ff63bcb0000 	C:\Program Files\Java\jdk-21\bin\java.exe
0x00007ffddf1f0000 - 0x00007ffddf3e8000 	C:\WINDOWS\SYSTEM32\ntdll.dll
0x00007ffddd860000 - 0x00007ffddd91f000 	C:\WINDOWS\System32\KERNEL32.DLL
0x00007ffddcc30000 - 0x00007ffddcf02000 	C:\WINDOWS\System32\KERNELBASE.dll
0x00007ffddc960000 - 0x00007ffddca60000 	C:\WINDOWS\System32\ucrtbase.dll
0x00007ffdd8060000 - 0x00007ffdd807b000 	C:\Program Files\Java\jdk-21\bin\VCRUNTIME140.dll
0x00007ffdd3370000 - 0x00007ffdd3389000 	C:\Program Files\Java\jdk-21\bin\jli.dll
0x00007ffddd920000 - 0x00007ffddd9ce000 	C:\WINDOWS\System32\ADVAPI32.dll
0x00007ffddebc0000 - 0x00007ffddec5e000 	C:\WINDOWS\System32\msvcrt.dll
0x00007ffddd350000 - 0x00007ffddd3ec000 	C:\WINDOWS\System32\sechost.dll
0x00007ffdde190000 - 0x00007ffdde2b5000 	C:\WINDOWS\System32\RPCRT4.dll
0x00007ffdde2c0000 - 0x00007ffdde461000 	C:\WINDOWS\System32\USER32.dll
0x00007ffddc930000 - 0x00007ffddc952000 	C:\WINDOWS\System32\win32u.dll
0x00007ffdc1950000 - 0x00007ffdc1bea000 	C:\WINDOWS\WinSxS\amd64_microsoft.windows.common-controls_6595b64144ccf1df_6.0.19041.1110_none_60b5254171f9507e\COMCTL32.dll
0x00007ffddde40000 - 0x00007ffddde6b000 	C:\WINDOWS\System32\GDI32.dll
0x00007ffddd120000 - 0x00007ffddd22f000 	C:\WINDOWS\System32\gdi32full.dll
0x00007ffddcb00000 - 0x00007ffddcb9d000 	C:\WINDOWS\System32\msvcp_win.dll
0x00007ffdd5a90000 - 0x00007ffdd5a9a000 	C:\WINDOWS\SYSTEM32\VERSION.dll
0x00007ffddda60000 - 0x00007ffddda92000 	C:\WINDOWS\System32\IMM32.DLL
0x00007ffdd8180000 - 0x00007ffdd818c000 	C:\Program Files\Java\jdk-21\bin\vcruntime140_1.dll
0x00007ffdc10d0000 - 0x00007ffdc115e000 	C:\Program Files\Java\jdk-21\bin\msvcp140.dll
0x00007ffd90d40000 - 0x00007ffd91a55000 	C:\Program Files\Java\jdk-21\bin\server\jvm.dll
0x00007ffdde050000 - 0x00007ffdde0bb000 	C:\WINDOWS\System32\WS2_32.dll
0x00007ffddbe60000 - 0x00007ffddbeab000 	C:\WINDOWS\SYSTEM32\POWRPROF.dll
0x00007ffdc2ea0000 - 0x00007ffdc2ec7000 	C:\WINDOWS\SYSTEM32\WINMM.dll
0x00007ffddbd20000 - 0x00007ffddbd32000 	C:\WINDOWS\SYSTEM32\UMPDC.dll
0x00007ffddb160000 - 0x00007ffddb172000 	C:\WINDOWS\SYSTEM32\kernel.appcore.dll
0x00007ffdd80f0000 - 0x00007ffdd80fa000 	C:\Program Files\Java\jdk-21\bin\jimage.dll
0x00007ffdda6a0000 - 0x00007ffdda884000 	C:\WINDOWS\SYSTEM32\DBGHELP.DLL
0x00007ffdbddd0000 - 0x00007ffdbde05000 	C:\WINDOWS\SYSTEM32\dbgcore.DLL
0x00007ffddcba0000 - 0x00007ffddcc22000 	C:\WINDOWS\System32\bcryptPrimitives.dll
0x00007ffdd5760000 - 0x00007ffdd577f000 	C:\Program Files\Java\jdk-21\bin\java.dll

dbghelp: loaded successfully - version: 4.0.5 - missing functions: none
symbol engine: initialized successfully - sym options: 0x614 - pdb path: .;C:\Program Files\Java\jdk-21\bin;C:\WINDOWS\SYSTEM32;C:\WINDOWS\WinSxS\amd64_microsoft.windows.common-controls_6595b64144ccf1df_6.0.19041.1110_none_60b5254171f9507e;C:\Program Files\Java\jdk-21\bin\server

VM Arguments:
jvm_args: -Dfile.encoding=UTF-8 --module-path=D:\iTi\9 Months\13.Java oop\Labs\lab 5\Mini_Project_kassas_Huda_V2\build\classes 
java_command: mini_project_kassas_huda_v2.Mini_Project_kassas_Huda_V2
java_class_path (initial): D:\iTi\9 Months\13.Java oop\Labs\lab 5\Mini_Project_kassas_Huda_V2\build\classes
Launcher Type: SUN_STANDARD

[Global flags]
     intx CICompilerCount                          = 4                                         {product} {ergonomic}
     uint ConcGCThreads                            = 2                                         {product} {ergonomic}
     uint G1ConcRefinementThreads                  = 8                                         {product} {ergonomic}
   size_t G1HeapRegionSize                         = 1048576                                   {product} {ergonomic}
    uintx GCDrainStackTargetSize                   = 64                                        {product} {ergonomic}
   size_t InitialHeapSize                          = 132120576                                 {product} {ergonomic}
   size_t MarkStackSize                            = 4194304                                   {product} {ergonomic}
   size_t MaxHeapSize                              = 2090860544                                {product} {ergonomic}
   size_t MinHeapDeltaBytes                        = 1048576                                   {product} {ergonomic}
   size_t MinHeapSize                              = 8388608                                   {product} {ergonomic}
    uintx NonNMethodCodeHeapSize                   = 5839372                                {pd product} {ergonomic}
    uintx NonProfiledCodeHeapSize                  = 122909434                              {pd product} {ergonomic}
    uintx ProfiledCodeHeapSize                     = 122909434                              {pd product} {ergonomic}
    uintx ReservedCodeCacheSize                    = 251658240                              {pd product} {ergonomic}
     bool SegmentedCodeCache                       = true                                      {product} {ergonomic}
   size_t SoftMaxHeapSize                          = 2090860544                             {manageable} {ergonomic}
     bool UseCompressedOops                        = true                           {product lp64_product} {ergonomic}
     bool UseG1GC                                  = true                                      {product} {ergonomic}
     bool UseLargePagesIndividualAllocation        = false                                  {pd product} {ergonomic}

Logging:
Log output configuration:
 #0: stdout all=warning uptime,level,tags foldmultilines=false
 #1: stderr all=off uptime,level,tags foldmultilines=false

Environment Variables:
PATH=C:\Program Files (x86)\VMware\VMware Workstation\bin\;C:\WinAVR-20100110\bin;C:\WinAVR-20100110\utils\bin;C:\Users\fatem\gcc\bin;C:\Users\fatem\gcc\libexec\gcc\x86_64-w64-mingw32\13.1.0;C:\Program Files\Common Files\Oracle\Java\javapath;C:\Program Files (x86)\ActiveState Komodo IDE 12\;C:\WINDOWS\system32;C:\WINDOWS;C:\WINDOWS\System32\Wbem;C:\WINDOWS\System32\WindowsPowerShell\v1.0\;C:\WINDOWS\System32\OpenSSH\;C:\Program Files (x86)\Microsoft SQL Server\100\Tools\Binn\;C:\Program Files\Microsoft SQL Server\100\Tools\Binn\;C:\Program Files\Microsoft SQL Server\100\DTS\Binn\;C:\Program Files\Microsoft SQL Server\120\Tools\Binn\;C:\Program Files\Java\jdk-20;C:\Program Files\dotnet\;D:\iTi\programs\New folder (2)\bin;C:\Program Files\Git\cmd;C:\Users\fatem\AppData\Local\activestate\cache\bin;C:\Users\fatem\AppData\Local\ActiveState\StateTool\release\bin;C:\Users\fatem\AppData\Local\Microsoft\WindowsApps;C:\Users\fatem\.dotnet\tools
USERNAME=fatem
OS=Windows_NT
PROCESSOR_IDENTIFIER=Intel64 Family 6 Model 165 Stepping 2, GenuineIntel
TMP=C:\Users\fatem\AppData\Local\Temp
TEMP=C:\Users\fatem\AppData\Local\Temp




Periodic native trim disabled

---------------  S Y S T E M  ---------------

OS:
 Windows 10 , 64 bit Build 19041 (10.0.19041.2546)
OS uptime: 1 days 8:57 hours

CPU: total 8 (initial active 8) (4 cores per cpu, 2 threads per core) family 6 model 165 stepping 2 microcode 0xea, cx8, cmov, fxsr, ht, mmx, 3dnowpref, sse, sse2, sse3, ssse3, sse4.1, sse4.2, popcnt, lzcnt, tsc, tscinvbit, avx, avx2, aes, erms, clmul, bmi1, bmi2, adx, fma, vzeroupper, clflush, clflushopt, rdtscp, f16c, pku
Processor Information for all 8 processors :
  Max Mhz: 2496, Current Mhz: 2496, Mhz Limit: 2496

Memory: 4k page, system-wide physical 7975M (1749M free)
TotalPageFile size 10023M (AvailPageFile size 106M)
current process WorkingSet (physical memory assigned to process): 10M, peak: 10M
current process commit charge ("private bytes"): 60M, peak: 186M

vm_info: Java HotSpot(TM) 64-Bit Server VM (21.0.1+12-LTS-29) for windows-amd64 JRE (21.0.1+12-LTS-29), built on 2023-10-05T13:27:09Z by "mach5one" with MS VC++ 17.1 (VS2022)

END.
