#
# There is insufficient memory for the Java Runtime Environment to continue.
# Native memory allocation (malloc) failed to allocate 32744 bytes for Chunk::new
# Possible reasons:
#   The system is out of physical RAM or swap space
#   The process is running with CompressedOops enabled, and the Java Heap may be blocking the growth of the native heap
# Possible solutions:
#   Reduce memory load on the system
#   Increase physical memory or swap space
#   Check if swap backing store is full
#   Decrease Java heap size (-Xmx/-Xms)
#   Decrease number of Java threads
#   Decrease Java thread stack sizes (-Xss)
#   Set larger code cache with -XX:ReservedCodeCacheSize=
#   JVM is running with Unscaled Compressed Oops mode in which the Java heap is
#     placed in the first 4GB address space. The Java Heap base address is the
#     maximum limit for the native heap growth. Please use -XX:HeapBaseMinAddress
#     to set the Java Heap base and to place the Java Heap above 4GB virtual address.
# This output file may be truncated or incomplete.
#
#  Out of Memory Error (arena.cpp:168), pid=13964, tid=16992
#
# JRE version: Java(TM) SE Runtime Environment (21.0.1+12) (build 21.0.1+12-LTS-29)
# Java VM: Java HotSpot(TM) 64-Bit Server VM (21.0.1+12-LTS-29, mixed mode, sharing, tiered, compressed oops, compressed class ptrs, g1 gc, windows-amd64)
# No core dump will be written. Minidumps are not enabled by default on client versions of Windows
#

---------------  S U M M A R Y ------------

Command Line: -Dfile.encoding=UTF-8 --module-path=D:\iTi\9 Months\13.Java oop\Labs\lab 5\Mini_Project_kassas_Huda_V2\build\classes mini_project_kassas_huda_v2.Mini_Project_kassas_Huda_V2

Host: Intel(R) Core(TM) i5-10300H CPU @ 2.50GHz, 8 cores, 7G,  Windows 10 , 64 bit Build 19041 (10.0.19041.2546)
Time: Sat Jan  6 18:49:51 2024 Egypt Standard Time elapsed time: 0.065144 seconds (0d 0h 0m 0s)

---------------  T H R E A D  ---------------

Current thread (0x000001f7978512f0):  JavaThread "C1 CompilerThread0" daemon [_thread_in_native, id=16992, stack(0x0000004d86200000,0x0000004d86300000) (1024K)]


Current CompileTask:
C1:     65   37   !   3       java.util.concurrent.ConcurrentHashMap::putVal (432 bytes)

Stack: [0x0000004d86200000,0x0000004d86300000]
Native frames: (J=compiled Java code, j=interpreted, Vv=VM code, C=native code)
V  [jvm.dll+0x6c9029]
V  [jvm.dll+0x854b81]
V  [jvm.dll+0x856e5e]
V  [jvm.dll+0x857543]
V  [jvm.dll+0x280c06]
V  [jvm.dll+0xc3ead]
V  [jvm.dll+0xc43c3]
V  [jvm.dll+0x170994]
V  [jvm.dll+0x179f0d]
V  [jvm.dll+0x171b00]
V  [jvm.dll+0x1711e9]
V  [jvm.dll+0x170e17]
V  [jvm.dll+0x170c4b]
V  [jvm.dll+0x154509]
V  [jvm.dll+0x154074]
V  [jvm.dll+0x154244]
V  [jvm.dll+0x153686]
V  [jvm.dll+0x1553ed]
V  [jvm.dll+0x2586b9]
V  [jvm.dll+0x256c9a]
V  [jvm.dll+0x3ef1b6]
V  [jvm.dll+0x7fd728]
V  [jvm.dll+0x6c777d]
C  [ucrtbase.dll+0x21bb2]
C  [KERNEL32.DLL+0x17614]
C  [ntdll.dll+0x526a1]


---------------  P R O C E S S  ---------------

Threads class SMR info:
_java_thread_list=0x000001f797a6bc10, length=10, elements={
0x000001f7f8e49260, 0x000001f7978467d0, 0x000001f7978476f0, 0x000001f79784bb90,
0x000001f79784c5f0, 0x000001f79784d050, 0x000001f79784dab0, 0x000001f79784e840,
0x000001f7978512f0, 0x000001f797a5d5b0
}

Java Threads: ( => current thread )
  0x000001f7f8e49260 JavaThread "main"                              [_thread_in_Java, id=5344, stack(0x0000004d85300000,0x0000004d85400000) (1024K)]
  0x000001f7978467d0 JavaThread "Reference Handler"          daemon [_thread_blocked, id=18288, stack(0x0000004d85b00000,0x0000004d85c00000) (1024K)]
  0x000001f7978476f0 JavaThread "Finalizer"                  daemon [_thread_blocked, id=19920, stack(0x0000004d85c00000,0x0000004d85d00000) (1024K)]
  0x000001f79784bb90 JavaThread "Signal Dispatcher"          daemon [_thread_blocked, id=12916, stack(0x0000004d85d00000,0x0000004d85e00000) (1024K)]
  0x000001f79784c5f0 JavaThread "Attach Listener"            daemon [_thread_blocked, id=20424, stack(0x0000004d85e00000,0x0000004d85f00000) (1024K)]
  0x000001f79784d050 JavaThread "Service Thread"             daemon [_thread_blocked, id=5752, stack(0x0000004d85f00000,0x0000004d86000000) (1024K)]
  0x000001f79784dab0 JavaThread "Monitor Deflation Thread"   daemon [_thread_blocked, id=4764, stack(0x0000004d86000000,0x0000004d86100000) (1024K)]
  0x000001f79784e840 JavaThread "C2 CompilerThread0"         daemon [_thread_in_native, id=15832, stack(0x0000004d86100000,0x0000004d86200000) (1024K)]
=>0x000001f7978512f0 JavaThread "C1 CompilerThread0"         daemon [_thread_in_native, id=16992, stack(0x0000004d86200000,0x0000004d86300000) (1024K)]
  0x000001f797a5d5b0 JavaThread "Common-Cleaner"             daemon [_thread_in_vm, id=8704, stack(0x0000004d86300000,0x0000004d86400000) (1024K)]
Total: 10

Other Threads:
  0x000001f7f8e28750 VMThread "VM Thread"                           [id=18564, stack(0x0000004d85a00000,0x0000004d85b00000) (1024K)]
  0x000001f79780dbe0 WatcherThread "VM Periodic Task Thread"        [id=18168, stack(0x0000004d85900000,0x0000004d85a00000) (1024K)]
  0x000001f7f8e29230 WorkerThread "GC Thread#0"                     [id=7892, stack(0x0000004d85400000,0x0000004d85500000) (1024K)]
  0x000001f7faffbeb0 ConcurrentGCThread "G1 Main Marker"            [id=15232, stack(0x0000004d85500000,0x0000004d85600000) (1024K)]
  0x000001f7f8e28e90 WorkerThread "G1 Conc#0"                       [id=19188, stack(0x0000004d85600000,0x0000004d85700000) (1024K)]
  0x000001f7976e20c0 ConcurrentGCThread "G1 Refine#0"               [id=10632, stack(0x0000004d85700000,0x0000004d85800000) (1024K)]
  0x000001f7976e2b40 ConcurrentGCThread "G1 Service"                [id=4204, stack(0x0000004d85800000,0x0000004d85900000) (1024K)]
Total: 7

Threads with active compile tasks:
C2 CompilerThread0       83   94       4       java.lang.String::
[error occurred during error reporting (printing all threads), id 0xe0000001, Out of Memory Error (s\open\src\hotspot\share\memory\arena.cpp:168)]
VM state: not at safepoint (normal execution)

VM Mutex/Monitor currently owned by a thread:  ([mutex/lock_event])
[0x00007ffd91979178] MethodCompileQueue_lock - owner thread: 0x0000000000000000

Heap address: 0x0000000083600000, size: 1994 MB, Compressed Oops mode: 32-bit

CDS archive(s) mapped at: [0x000001f798000000-0x000001f798c90000-0x000001f798c90000), size 13172736, SharedBaseAddress: 0x000001f798000000, ArchiveRelocationMode: 1.
Compressed class space mapped at: 0x000001f799000000-0x000001f7d9000000, reserved size: 1073741824
Narrow klass base: 0x000001f798000000, Narrow klass shift: 0, Narrow klass range: 0x100000000

GC Precious Log:
 CardTable entry size: 512
 Card Set container configuration: InlinePtr #cards 5 size 8 Array Of Cards #cards 12 size 40 Howl #buckets 4 coarsen threshold 1843 Howl Bitmap #cards 512 size 80 coarsen threshold 460 Card regions per heap region 1 cards per card region 2048
 CPUs: 8 total, 8 available
 Memory: 7975M
 Large Page Support: Disabled
 NUMA Support: Disabled
 Compressed Oops: Enabled (32-bit)
 Heap Region Size: 1M
 Heap Min Capacity: 8M
 Heap Initial Capacity: 126M
 Heap Max Capacity: 1994M
 Pre-touch: Disabled
 Parallel Workers: 8
 Concurrent Workers: 2
 Concurrent Refinement Workers: 8
 Periodic GC: Disabled

Heap:
 garbage-first heap   total 129024K, used 1024K [0x0000000083600000, 0x0000000100000000)
  region size 1024K, 2 young (2048K), 0 survivors (0K)
 Metaspace       used 265K, committed 448K, reserved 1114112K
  class space    used 20K, committed 128K, reserved 1048576K

Heap Regions: E=young(eden), S=young(survivor), O=old, HS=humongous(starts), HC=humongous(continues), CS=collection set, F=free, TAMS=top-at-mark-start, PB=parsable bottom
|   0|0x0000000083600000, 0x0000000083600000, 0x0000000083700000|  0%| F|  |TAMS 0x0000000083600000| PB 0x0000000083600000| Untracked 
|   1|0x0000000083700000, 0x0000000083700000, 0x0000000083800000|  0%| F|  |TAMS 0x0000000083700000| PB 0x0000000083700000| Untracked 
|   2|0x0000000083800000, 0x0000000083800000, 0x0000000083900000|  0%| F|  |TAMS 0x0000000083800000| PB 0x0000000083800000| Untracked 
|   3|0x0000000083900000, 0x0000000083900000, 0x0000000083a00000|  0%| F|  |TAMS 0x0000000083900000| PB 0x0000000083900000| Untracked 
|   4|0x0000000083a00000, 0x0000000083a00000, 0x0000000083b00000|  0%| F|  |TAMS 0x0000000083a00000| PB 0x0000000083a00000| Untracked 
|   5|0x0000000083b00000, 0x0000000083b00000, 0x0000000083c00000|  0%| F|  |TAMS 0x0000000083b00000| PB 0x0000000083b00000| Untracked 
|   6|0x0000000083c00000, 0x0000000083c00000, 0x0000000083d00000|  0%| F|  |TAMS 0x0000000083c00000| PB 0x0000000083c00000| Untracked 
|   7|0x0000000083d00000, 0x0000000083d00000, 0x0000000083e00000|  0%| F|  |TAMS 0x0000000083d00000| PB 0x0000000083d00000| Untracked 
|   8|0x0000000083e00000, 0x0000000083e00000, 0x0000000083f00000|  0%| F|  |TAMS 0x0000000083e00000| PB 0x0000000083e00000| Untracked 
|   9|0x0000000083f00000, 0x0000000083f00000, 0x0000000084000000|  0%| F|  |TAMS 0x0000000083f00000| PB 0x0000000083f00000| Untracked 
|  10|0x0000000084000000, 0x0000000084000000, 0x0000000084100000|  0%| F|  |TAMS 0x0000000084000000| PB 0x0000000084000000| Untracked 
|  11|0x0000000084100000, 0x0000000084100000, 0x0000000084200000|  0%| F|  |TAMS 0x0000000084100000| PB 0x0000000084100000| Untracked 
|  12|0x0000000084200000, 0x0000000084200000, 0x0000000084300000|  0%| F|  |TAMS 0x0000000084200000| PB 0x0000000084200000| Untracked 
|  13|0x0000000084300000, 0x0000000084300000, 0x0000000084400000|  0%| F|  |TAMS 0x0000000084300000| PB 0x0000000084300000| Untracked 
|  14|0x0000000084400000, 0x0000000084400000, 0x0000000084500000|  0%| F|  |TAMS 0x0000000084400000| PB 0x0000000084400000| Untracked 
|  15|0x0000000084500000, 0x0000000084500000, 0x0000000084600000|  0%| F|  |TAMS 0x0000000084500000| PB 0x0000000084500000| Untracked 
|  16|0x0000000084600000, 0x0000000084600000, 0x0000000084700000|  0%| F|  |TAMS 0x0000000084600000| PB 0x0000000084600000| Untracked 
|  17|0x0000000084700000, 0x0000000084700000, 0x0000000084800000|  0%| F|  |TAMS 0x0000000084700000| PB 0x0000000084700000| Untracked 
|  18|0x0000000084800000, 0x0000000084800000, 0x0000000084900000|  0%| F|  |TAMS 0x0000000084800000| PB 0x0000000084800000| Untracked 
|  19|0x0000000084900000, 0x0000000084900000, 0x0000000084a00000|  0%| F|  |TAMS 0x0000000084900000| PB 0x0000000084900000| Untracked 
|  20|0x0000000084a00000, 0x0000000084a00000, 0x0000000084b00000|  0%| F|  |TAMS 0x0000000084a00000| PB 0x0000000084a00000| Untracked 
|  21|0x0000000084b00000, 0x0000000084b00000, 0x0000000084c00000|  0%| F|  |TAMS 0x0000000084b00000| PB 0x0000000084b00000| Untracked 
|  22|0x0000000084c00000, 0x0000000084c00000, 0x0000000084d00000|  0%| F|  |TAMS 0x0000000084c00000| PB 0x0000000084c00000| Untracked 
|  23|0x0000000084d00000, 0x0000000084d00000, 0x0000000084e00000|  0%| F|  |TAMS 0x0000000084d00000| PB 0x0000000084d00000| Untracked 
|  24|0x0000000084e00000, 0x0000000084e00000, 0x0000000084f00000|  0%| F|  |TAMS 0x0000000084e00000| PB 0x0000000084e00000| Untracked 
|  25|0x0000000084f00000, 0x0000000084f00000, 0x0000000085000000|  0%| F|  |TAMS 0x0000000084f00000| PB 0x0000000084f00000| Untracked 
|  26|0x0000000085000000, 0x0000000085000000, 0x0000000085100000|  0%| F|  |TAMS 0x0000000085000000| PB 0x0000000085000000| Untracked 
|  27|0x0000000085100000, 0x0000000085100000, 0x0000000085200000|  0%| F|  |TAMS 0x0000000085100000| PB 0x0000000085100000| Untracked 
|  28|0x0000000085200000, 0x0000000085200000, 0x0000000085300000|  0%| F|  |TAMS 0x0000000085200000| PB 0x0000000085200000| Untracked 
|  29|0x0000000085300000, 0x0000000085300000, 0x0000000085400000|  0%| F|  |TAMS 0x0000000085300000| PB 0x0000000085300000| Untracked 
|  30|0x0000000085400000, 0x0000000085400000, 0x0000000085500000|  0%| F|  |TAMS 0x0000000085400000| PB 0x0000000085400000| Untracked 
|  31|0x0000000085500000, 0x0000000085500000, 0x0000000085600000|  0%| F|  |TAMS 0x0000000085500000| PB 0x0000000085500000| Untracked 
|  32|0x0000000085600000, 0x0000000085600000, 0x0000000085700000|  0%| F|  |TAMS 0x0000000085600000| PB 0x0000000085600000| Untracked 
|  33|0x0000000085700000, 0x0000000085700000, 0x0000000085800000|  0%| F|  |TAMS 0x0000000085700000| PB 0x0000000085700000| Untracked 
|  34|0x0000000085800000, 0x0000000085800000, 0x0000000085900000|  0%| F|  |TAMS 0x0000000085800000| PB 0x0000000085800000| Untracked 
|  35|0x0000000085900000, 0x0000000085900000, 0x0000000085a00000|  0%| F|  |TAMS 0x0000000085900000| PB 0x0000000085900000| Untracked 
|  36|0x0000000085a00000, 0x0000000085a00000, 0x0000000085b00000|  0%| F|  |TAMS 0x0000000085a00000| PB 0x0000000085a00000| Untracked 
|  37|0x0000000085b00000, 0x0000000085b00000, 0x0000000085c00000|  0%| F|  |TAMS 0x0000000085b00000| PB 0x0000000085b00000| Untracked 
|  38|0x0000000085c00000, 0x0000000085c00000, 0x0000000085d00000|  0%| F|  |TAMS 0x0000000085c00000| PB 0x0000000085c00000| Untracked 
|  39|0x0000000085d00000, 0x0000000085d00000, 0x0000000085e00000|  0%| F|  |TAMS 0x0000000085d00000| PB 0x0000000085d00000| Untracked 
|  40|0x0000000085e00000, 0x0000000085e00000, 0x0000000085f00000|  0%| F|  |TAMS 0x0000000085e00000| PB 0x0000000085e00000| Untracked 
|  41|0x0000000085f00000, 0x0000000085f00000, 0x0000000086000000|  0%| F|  |TAMS 0x0000000085f00000| PB 0x0000000085f00000| Untracked 
|  42|0x0000000086000000, 0x0000000086000000, 0x0000000086100000|  0%| F|  |TAMS 0x0000000086000000| PB 0x0000000086000000| Untracked 
|  43|0x0000000086100000, 0x0000000086100000, 0x0000000086200000|  0%| F|  |TAMS 0x0000000086100000| PB 0x0000000086100000| Untracked 
|  44|0x0000000086200000, 0x0000000086200000, 0x0000000086300000|  0%| F|  |TAMS 0x0000000086200000| PB 0x0000000086200000| Untracked 
|  45|0x0000000086300000, 0x0000000086300000, 0x0000000086400000|  0%| F|  |TAMS 0x0000000086300000| PB 0x0000000086300000| Untracked 
|  46|0x0000000086400000, 0x0000000086400000, 0x0000000086500000|  0%| F|  |TAMS 0x0000000086400000| PB 0x0000000086400000| Untracked 
|  47|0x0000000086500000, 0x0000000086500000, 0x0000000086600000|  0%| F|  |TAMS 0x0000000086500000| PB 0x0000000086500000| Untracked 
|  48|0x0000000086600000, 0x0000000086600000, 0x0000000086700000|  0%| F|  |TAMS 0x0000000086600000| PB 0x0000000086600000| Untracked 
|  49|0x0000000086700000, 0x0000000086700000, 0x0000000086800000|  0%| F|  |TAMS 0x0000000086700000| PB 0x0000000086700000| Untracked 
|  50|0x0000000086800000, 0x0000000086800000, 0x0000000086900000|  0%| F|  |TAMS 0x0000000086800000| PB 0x0000000086800000| Untracked 
|  51|0x0000000086900000, 0x0000000086900000, 0x0000000086a00000|  0%| F|  |TAMS 0x0000000086900000| PB 0x0000000086900000| Untracked 
|  52|0x0000000086a00000, 0x0000000086a00000, 0x0000000086b00000|  0%| F|  |TAMS 0x0000000086a00000| PB 0x0000000086a00000| Untracked 
|  53|0x0000000086b00000, 0x0000000086b00000, 0x0000000086c00000|  0%| F|  |TAMS 0x0000000086b00000| PB 0x0000000086b00000| Untracked 
|  54|0x0000000086c00000, 0x0000000086c00000, 0x0000000086d00000|  0%| F|  |TAMS 0x0000000086c00000| PB 0x0000000086c00000| Untracked 
|  55|0x0000000086d00000, 0x0000000086d00000, 0x0000000086e00000|  0%| F|  |TAMS 0x0000000086d00000| PB 0x0000000086d00000| Untracked 
|  56|0x0000000086e00000, 0x0000000086e00000, 0x0000000086f00000|  0%| F|  |TAMS 0x0000000086e00000| PB 0x0000000086e00000| Untracked 
|  57|0x0000000086f00000, 0x0000000086f00000, 0x0000000087000000|  0%| F|  |TAMS 0x0000000086f00000| PB 0x0000000086f00000| Untracked 
|  58|0x0000000087000000, 0x0000000087000000, 0x0000000087100000|  0%| F|  |TAMS 0x0000000087000000| PB 0x0000000087000000| Untracked 
|  59|0x0000000087100000, 0x0000000087100000, 0x0000000087200000|  0%| F|  |TAMS 0x0000000087100000| PB 0x0000000087100000| Untracked 
|  60|0x0000000087200000, 0x0000000087200000, 0x0000000087300000|  0%| F|  |TAMS 0x0000000087200000| PB 0x0000000087200000| Untracked 
|  61|0x0000000087300000, 0x0000000087300000, 0x0000000087400000|  0%| F|  |TAMS 0x0000000087300000| PB 0x0000000087300000| Untracked 
|  62|0x0000000087400000, 0x0000000087400000, 0x0000000087500000|  0%| F|  |TAMS 0x0000000087400000| PB 0x0000000087400000| Untracked 
|  63|0x0000000087500000, 0x0000000087500000, 0x0000000087600000|  0%| F|  |TAMS 0x0000000087500000| PB 0x0000000087500000| Untracked 
|  64|0x0000000087600000, 0x0000000087600000, 0x0000000087700000|  0%| F|  |TAMS 0x0000000087600000| PB 0x0000000087600000| Untracked 
|  65|0x0000000087700000, 0x0000000087700000, 0x0000000087800000|  0%| F|  |TAMS 0x0000000087700000| PB 0x0000000087700000| Untracked 
|  66|0x0000000087800000, 0x0000000087800000, 0x0000000087900000|  0%| F|  |TAMS 0x0000000087800000| PB 0x0000000087800000| Untracked 
|  67|0x0000000087900000, 0x0000000087900000, 0x0000000087a00000|  0%| F|  |TAMS 0x0000000087900000| PB 0x0000000087900000| Untracked 
|  68|0x0000000087a00000, 0x0000000087a00000, 0x0000000087b00000|  0%| F|  |TAMS 0x0000000087a00000| PB 0x0000000087a00000| Untracked 
|  69|0x0000000087b00000, 0x0000000087b00000, 0x0000000087c00000|  0%| F|  |TAMS 0x0000000087b00000| PB 0x0000000087b00000| Untracked 
|  70|0x0000000087c00000, 0x0000000087c00000, 0x0000000087d00000|  0%| F|  |TAMS 0x0000000087c00000| PB 0x0000000087c00000| Untracked 
|  71|0x0000000087d00000, 0x0000000087d00000, 0x0000000087e00000|  0%| F|  |TAMS 0x0000000087d00000| PB 0x0000000087d00000| Untracked 
|  72|0x0000000087e00000, 0x0000000087e00000, 0x0000000087f00000|  0%| F|  |TAMS 0x0000000087e00000| PB 0x0000000087e00000| Untracked 
|  73|0x0000000087f00000, 0x0000000087f00000, 0x0000000088000000|  0%| F|  |TAMS 0x0000000087f00000| PB 0x0000000087f00000| Untracked 
|  74|0x0000000088000000, 0x0000000088000000, 0x0000000088100000|  0%| F|  |TAMS 0x0000000088000000| PB 0x0000000088000000| Untracked 
|  75|0x0000000088100000, 0x0000000088100000, 0x0000000088200000|  0%| F|  |TAMS 0x0000000088100000| PB 0x0000000088100000| Untracked 
|  76|0x0000000088200000, 0x0000000088200000, 0x0000000088300000|  0%| F|  |TAMS 0x0000000088200000| PB 0x0000000088200000| Untracked 
|  77|0x0000000088300000, 0x0000000088300000, 0x0000000088400000|  0%| F|  |TAMS 0x0000000088300000| PB 0x0000000088300000| Untracked 
|  78|0x0000000088400000, 0x0000000088400000, 0x0000000088500000|  0%| F|  |TAMS 0x0000000088400000| PB 0x0000000088400000| Untracked 
|  79|0x0000000088500000, 0x0000000088500000, 0x0000000088600000|  0%| F|  |TAMS 0x0000000088500000| PB 0x0000000088500000| Untracked 
|  80|0x0000000088600000, 0x0000000088600000, 0x0000000088700000|  0%| F|  |TAMS 0x0000000088600000| PB 0x0000000088600000| Untracked 
|  81|0x0000000088700000, 0x0000000088700000, 0x0000000088800000|  0%| F|  |TAMS 0x0000000088700000| PB 0x0000000088700000| Untracked 
|  82|0x0000000088800000, 0x0000000088800000, 0x0000000088900000|  0%| F|  |TAMS 0x0000000088800000| PB 0x0000000088800000| Untracked 
|  83|0x0000000088900000, 0x0000000088900000, 0x0000000088a00000|  0%| F|  |TAMS 0x0000000088900000| PB 0x0000000088900000| Untracked 
|  84|0x0000000088a00000, 0x0000000088a00000, 0x0000000088b00000|  0%| F|  |TAMS 0x0000000088a00000| PB 0x0000000088a00000| Untracked 
|  85|0x0000000088b00000, 0x0000000088b00000, 0x0000000088c00000|  0%| F|  |TAMS 0x0000000088b00000| PB 0x0000000088b00000| Untracked 
|  86|0x0000000088c00000, 0x0000000088c00000, 0x0000000088d00000|  0%| F|  |TAMS 0x0000000088c00000| PB 0x0000000088c00000| Untracked 
|  87|0x0000000088d00000, 0x0000000088d00000, 0x0000000088e00000|  0%| F|  |TAMS 0x0000000088d00000| PB 0x0000000088d00000| Untracked 
|  88|0x0000000088e00000, 0x0000000088e00000, 0x0000000088f00000|  0%| F|  |TAMS 0x0000000088e00000| PB 0x0000000088e00000| Untracked 
|  89|0x0000000088f00000, 0x0000000088f00000, 0x0000000089000000|  0%| F|  |TAMS 0x0000000088f00000| PB 0x0000000088f00000| Untracked 
|  90|0x0000000089000000, 0x0000000089000000, 0x0000000089100000|  0%| F|  |TAMS 0x0000000089000000| PB 0x0000000089000000| Untracked 
|  91|0x0000000089100000, 0x0000000089100000, 0x0000000089200000|  0%| F|  |TAMS 0x0000000089100000| PB 0x0000000089100000| Untracked 
|  92|0x0000000089200000, 0x0000000089200000, 0x0000000089300000|  0%| F|  |TAMS 0x0000000089200000| PB 0x0000000089200000| Untracked 
|  93|0x0000000089300000, 0x0000000089300000, 0x0000000089400000|  0%| F|  |TAMS 0x0000000089300000| PB 0x0000000089300000| Untracked 
|  94|0x0000000089400000, 0x0000000089400000, 0x0000000089500000|  0%| F|  |TAMS 0x0000000089400000| PB 0x0000000089400000| Untracked 
|  95|0x0000000089500000, 0x0000000089500000, 0x0000000089600000|  0%| F|  |TAMS 0x0000000089500000| PB 0x0000000089500000| Untracked 
|  96|0x0000000089600000, 0x0000000089600000, 0x0000000089700000|  0%| F|  |TAMS 0x0000000089600000| PB 0x0000000089600000| Untracked 
|  97|0x0000000089700000, 0x0000000089700000, 0x0000000089800000|  0%| F|  |TAMS 0x0000000089700000| PB 0x0000000089700000| Untracked 
|  98|0x0000000089800000, 0x0000000089800000, 0x0000000089900000|  0%| F|  |TAMS 0x0000000089800000| PB 0x0000000089800000| Untracked 
|  99|0x0000000089900000, 0x0000000089900000, 0x0000000089a00000|  0%| F|  |TAMS 0x0000000089900000| PB 0x0000000089900000| Untracked 
| 100|0x0000000089a00000, 0x0000000089a00000, 0x0000000089b00000|  0%| F|  |TAMS 0x0000000089a00000| PB 0x0000000089a00000| Untracked 
| 101|0x0000000089b00000, 0x0000000089b00000, 0x0000000089c00000|  0%| F|  |TAMS 0x0000000089b00000| PB 0x0000000089b00000| Untracked 
| 102|0x0000000089c00000, 0x0000000089c00000, 0x0000000089d00000|  0%| F|  |TAMS 0x0000000089c00000| PB 0x0000000089c00000| Untracked 
| 103|0x0000000089d00000, 0x0000000089d00000, 0x0000000089e00000|  0%| F|  |TAMS 0x0000000089d00000| PB 0x0000000089d00000| Untracked 
| 104|0x0000000089e00000, 0x0000000089e00000, 0x0000000089f00000|  0%| F|  |TAMS 0x0000000089e00000| PB 0x0000000089e00000| Untracked 
| 105|0x0000000089f00000, 0x0000000089f00000, 0x000000008a000000|  0%| F|  |TAMS 0x0000000089f00000| PB 0x0000000089f00000| Untracked 
| 106|0x000000008a000000, 0x000000008a000000, 0x000000008a100000|  0%| F|  |TAMS 0x000000008a000000| PB 0x000000008a000000| Untracked 
| 107|0x000000008a100000, 0x000000008a100000, 0x000000008a200000|  0%| F|  |TAMS 0x000000008a100000| PB 0x000000008a100000| Untracked 
| 108|0x000000008a200000, 0x000000008a200000, 0x000000008a300000|  0%| F|  |TAMS 0x000000008a200000| PB 0x000000008a200000| Untracked 
| 109|0x000000008a300000, 0x000000008a300000, 0x000000008a400000|  0%| F|  |TAMS 0x000000008a300000| PB 0x000000008a300000| Untracked 
| 110|0x000000008a400000, 0x000000008a400000, 0x000000008a500000|  0%| F|  |TAMS 0x000000008a400000| PB 0x000000008a400000| Untracked 
| 111|0x000000008a500000, 0x000000008a500000, 0x000000008a600000|  0%| F|  |TAMS 0x000000008a500000| PB 0x000000008a500000| Untracked 
| 112|0x000000008a600000, 0x000000008a600000, 0x000000008a700000|  0%| F|  |TAMS 0x000000008a600000| PB 0x000000008a600000| Untracked 
| 113|0x000000008a700000, 0x000000008a700000, 0x000000008a800000|  0%| F|  |TAMS 0x000000008a700000| PB 0x000000008a700000| Untracked 
| 114|0x000000008a800000, 0x000000008a800000, 0x000000008a900000|  0%| F|  |TAMS 0x000000008a800000| PB 0x000000008a800000| Untracked 
| 115|0x000000008a900000, 0x000000008a900000, 0x000000008aa00000|  0%| F|  |TAMS 0x000000008a900000| PB 0x000000008a900000| Untracked 
| 116|0x000000008aa00000, 0x000000008aa00000, 0x000000008ab00000|  0%| F|  |TAMS 0x000000008aa00000| PB 0x000000008aa00000| Untracked 
| 117|0x000000008ab00000, 0x000000008ab00000, 0x000000008ac00000|  0%| F|  |TAMS 0x000000008ab00000| PB 0x000000008ab00000| Untracked 
| 118|0x000000008ac00000, 0x000000008ac00000, 0x000000008ad00000|  0%| F|  |TAMS 0x000000008ac00000| PB 0x000000008ac00000| Untracked 
| 119|0x000000008ad00000, 0x000000008ad00000, 0x000000008ae00000|  0%| F|  |TAMS 0x000000008ad00000| PB 0x000000008ad00000| Untracked 
| 120|0x000000008ae00000, 0x000000008ae00000, 0x000000008af00000|  0%| F|  |TAMS 0x000000008ae00000| PB 0x000000008ae00000| Untracked 
| 121|0x000000008af00000, 0x000000008af00000, 0x000000008b000000|  0%| F|  |TAMS 0x000000008af00000| PB 0x000000008af00000| Untracked 
| 122|0x000000008b000000, 0x000000008b000000, 0x000000008b100000|  0%| F|  |TAMS 0x000000008b000000| PB 0x000000008b000000| Untracked 
| 123|0x000000008b100000, 0x000000008b100000, 0x000000008b200000|  0%| F|  |TAMS 0x000000008b100000| PB 0x000000008b100000| Untracked 
| 124|0x000000008b200000, 0x000000008b2ec088, 0x000000008b300000| 92%| E|  |TAMS 0x000000008b200000| PB 0x000000008b200000| Complete 
| 125|0x000000008b300000, 0x000000008b400000, 0x000000008b400000|100%| E|CS|TAMS 0x000000008b300000| PB 0x000000008b300000| Complete 

Card table byte_map: [0x000001f7fb790000,0x000001f7fbb80000] _byte_map_base: 0x000001f7fb375000

Marking Bits: (CMBitMap*) 0x000001f7fafebae0
 Bits: [0x000001f7fbb80000, 0x000001f7fdaa8000)

Polling page: 0x000001f7f8f90000

Metaspace:

Usage:
  Non-class:    245.91 KB used.
      Class:     20.32 KB used.
       Both:    266.23 KB used.

Virtual space:
  Non-class space:       64.00 MB reserved,     320.00 KB ( <1%) committed,  1 nodes.
      Class space:        1.00 GB reserved,     128.00 KB ( <1%) committed,  1 nodes.
             Both:        1.06 GB reserved,     448.00 KB ( <1%) committed. 

Chunk freelists:
   Non-Class:  12.00 MB
       Class:  15.75 MB
        Both:  27.74 MB

MaxMetaspaceSize: unlimited
CompressedClassSpaceSize: 1.00 GB
Initial GC threshold: 21.00 MB
Current GC threshold: 21.00 MB
CDS: on
 - commit_granule_bytes: 65536.
 - commit_granule_words: 8192.
 - virtual_space_node_default_size: 8388608.
 - enlarge_chunks_in_place: 1.
 - use_allocation_guard: 0.


Internal statistics:

num_allocs_failed_limit: 0.
num_arena_births: 6.
num_arena_deaths: 0.
num_vsnodes_births: 2.
num_vsnodes_deaths: 0.
num_space_committed: 7.
num_space_uncommitted: 0.
num_chunks_returned_to_freelist: 0.
num_chunks_taken_from_freelist: 7.
num_chunk_merges: 0.
num_chunk_splits: 5.
num_chunks_enlarged: 2.
num_inconsistent_stats: 0.

CodeHeap 'non-profiled nmethods': size=120000Kb used=22Kb max_used=22Kb free=119977Kb
 bounds [0x000001f78fe60000, 0x000001f7900d0000, 0x000001f797390000]
CodeHeap 'profiled nmethods': size=120000Kb used=47Kb max_used=47Kb free=119952Kb
 bounds [0x000001f788390000, 0x000001f788600000, 0x000001f78f8c0000]
CodeHeap 'non-nmethods': size=5760Kb used=1257Kb max_used=1257Kb free=4502Kb
 bounds [0x000001f78f8c0000, 0x000001f78fb30000, 0x000001f78fe60000]
 total_blobs=439 nmethods=60 adapters=284
 compilation: enabled
              stopped_count=0, restarted_count=0
 full_count=0

Compilation events (20 events):
Event: 0.056 Thread 0x000001f7978512f0 nmethod 27 0x000001f78fe60710 code [0x000001f78fe608a0, 0x000001f78fe60968]
Event: 0.057 Thread 0x000001f7978512f0   28       1       java.lang.module.ModuleReference::descriptor (5 bytes)
Event: 0.057 Thread 0x000001f7978512f0 nmethod 28 0x000001f78fe60a10 code [0x000001f78fe60ba0, 0x000001f78fe60c68]
Event: 0.057 Thread 0x000001f7978512f0   29       3       java.net.URI::hash (33 bytes)
Event: 0.057 Thread 0x000001f7978512f0 nmethod 29 0x000001f788399710 code [0x000001f788399900, 0x000001f788399be8]
Event: 0.058 Thread 0x000001f7978512f0   30       3       java.lang.String::isEmpty (14 bytes)
Event: 0.058 Thread 0x000001f7978512f0 nmethod 30 0x000001f788399d10 code [0x000001f788399ec0, 0x000001f78839a038]
Event: 0.058 Thread 0x000001f7978512f0   31       3       java.lang.StringLatin1::indexOfChar (33 bytes)
Event: 0.058 Thread 0x000001f7978512f0 nmethod 31 0x000001f78839a110 code [0x000001f78839a2c0, 0x000001f78839a4f8]
Event: 0.060 Thread 0x000001f7978512f0   32       3       java.util.ImmutableCollections$SetN$SetNIterator::hasNext (13 bytes)
Event: 0.060 Thread 0x000001f7978512f0 nmethod 32 0x000001f78839a610 code [0x000001f78839a7a0, 0x000001f78839a910]
Event: 0.060 Thread 0x000001f7978512f0   33       3       java.util.concurrent.ConcurrentHashMap::tabAt (22 bytes)
Event: 0.060 Thread 0x000001f7978512f0 nmethod 33 0x000001f78839a990 code [0x000001f78839ab40, 0x000001f78839ae30]
Event: 0.060 Thread 0x000001f7978512f0   35       3       java.util.ImmutableCollections$SetN$SetNIterator::next (90 bytes)
Event: 0.060 Thread 0x000001f7978512f0 nmethod 35 0x000001f78839af10 code [0x000001f78839b0e0, 0x000001f78839b3f8]
Event: 0.060 Thread 0x000001f7978512f0   34       3       jdk.internal.misc.Unsafe::getReferenceAcquire (7 bytes)
Event: 0.060 Thread 0x000001f7978512f0 nmethod 34 0x000001f78839b590 code [0x000001f78839b720, 0x000001f78839b890]
Event: 0.061 Thread 0x000001f7978512f0   36       3       java.util.HashMap::hash (20 bytes)
Event: 0.061 Thread 0x000001f7978512f0 nmethod 36 0x000001f78839b910 code [0x000001f78839bac0, 0x000001f78839bcd0]
Event: 0.061 Thread 0x000001f7978512f0   37   !   3       java.util.concurrent.ConcurrentHashMap::putVal (432 bytes)

GC Heap History (0 events):
No events

Dll operation events (2 events):
Event: 0.005 Loaded shared library C:\Program Files\Java\jdk-21\bin\java.dll
Event: 0.037 Loaded shared library C:\Program Files\Java\jdk-21\bin\jsvml.dll

Deoptimization events (0 events):
No events

Classes loaded (0 events):
No events

Classes unloaded (0 events):
No events

Classes redefined (0 events):
No events

Internal exceptions (0 events):
No events

ZGC Phase Switch (0 events):
No events

VM Operations (0 events):
No events

Events (9 events):
Event: 0.020 Thread 0x000001f7f8e49260 Thread added: 0x000001f7f8e49260
Event: 0.035 Thread 0x000001f7978467d0 Thread added: 0x000001f7978467d0
Event: 0.035 Thread 0x000001f7978476f0 Thread added: 0x000001f7978476f0
Event: 0.035 Thread 0x000001f79784bb90 Thread added: 0x000001f79784bb90
Event: 0.035 Thread 0x000001f79784c5f0 Thread added: 0x000001f79784c5f0
Event: 0.035 Thread 0x000001f79784d050 Thread added: 0x000001f79784d050
Event: 0.035 Thread 0x000001f79784dab0 Thread added: 0x000001f79784dab0
Event: 0.035 Thread 0x000001f79784e840 Thread added: 0x000001f79784e840
Event: 0.035 Thread 0x000001f7978512f0 Thread added: 0x000001f7978512f0


Dynamic libraries:
0x00007ff7d2f90000 - 0x00007ff7d2fa0000 	C:\Program Files\Java\jdk-21\bin\java.exe
0x00007ffddf1f0000 - 0x00007ffddf3e8000 	C:\WINDOWS\SYSTEM32\ntdll.dll
0x00007ffddd860000 - 0x00007ffddd91f000 	C:\WINDOWS\System32\KERNEL32.DLL
0x00007ffddcc30000 - 0x00007ffddcf02000 	C:\WINDOWS\System32\KERNELBASE.dll
0x00007ffddc960000 - 0x00007ffddca60000 	C:\WINDOWS\System32\ucrtbase.dll
0x00007ffdd33b0000 - 0x00007ffdd33cb000 	C:\Program Files\Java\jdk-21\bin\VCRUNTIME140.dll
0x00007ffdb3ca0000 - 0x00007ffdb3cb9000 	C:\Program Files\Java\jdk-21\bin\jli.dll
0x00007ffddd920000 - 0x00007ffddd9ce000 	C:\WINDOWS\System32\ADVAPI32.dll
0x00007ffddebc0000 - 0x00007ffddec5e000 	C:\WINDOWS\System32\msvcrt.dll
0x00007ffddd350000 - 0x00007ffddd3ec000 	C:\WINDOWS\System32\sechost.dll
0x00007ffdde190000 - 0x00007ffdde2b5000 	C:\WINDOWS\System32\RPCRT4.dll
0x00007ffdde2c0000 - 0x00007ffdde461000 	C:\WINDOWS\System32\USER32.dll
0x00007ffddc930000 - 0x00007ffddc952000 	C:\WINDOWS\System32\win32u.dll
0x00007ffddde40000 - 0x00007ffddde6b000 	C:\WINDOWS\System32\GDI32.dll
0x00007ffdc1950000 - 0x00007ffdc1bea000 	C:\WINDOWS\WinSxS\amd64_microsoft.windows.common-controls_6595b64144ccf1df_6.0.19041.1110_none_60b5254171f9507e\COMCTL32.dll
0x00007ffddd120000 - 0x00007ffddd22f000 	C:\WINDOWS\System32\gdi32full.dll
0x00007ffddcb00000 - 0x00007ffddcb9d000 	C:\WINDOWS\System32\msvcp_win.dll
0x00007ffdd5a90000 - 0x00007ffdd5a9a000 	C:\WINDOWS\SYSTEM32\VERSION.dll
0x00007ffddda60000 - 0x00007ffddda92000 	C:\WINDOWS\System32\IMM32.DLL
0x00007ffdd80f0000 - 0x00007ffdd80fc000 	C:\Program Files\Java\jdk-21\bin\vcruntime140_1.dll
0x00007ffda2b00000 - 0x00007ffda2b8e000 	C:\Program Files\Java\jdk-21\bin\msvcp140.dll
0x00007ffd90d40000 - 0x00007ffd91a55000 	C:\Program Files\Java\jdk-21\bin\server\jvm.dll
0x00007ffdde050000 - 0x00007ffdde0bb000 	C:\WINDOWS\System32\WS2_32.dll
0x00007ffdc2ea0000 - 0x00007ffdc2ec7000 	C:\WINDOWS\SYSTEM32\WINMM.dll
0x00007ffddbe60000 - 0x00007ffddbeab000 	C:\WINDOWS\SYSTEM32\POWRPROF.dll
0x00007ffddbd20000 - 0x00007ffddbd32000 	C:\WINDOWS\SYSTEM32\UMPDC.dll
0x00007ffddb160000 - 0x00007ffddb172000 	C:\WINDOWS\SYSTEM32\kernel.appcore.dll
0x00007ffdd80b0000 - 0x00007ffdd80ba000 	C:\Program Files\Java\jdk-21\bin\jimage.dll
0x00007ffdda6a0000 - 0x00007ffdda884000 	C:\WINDOWS\SYSTEM32\DBGHELP.DLL
0x00007ffdbddd0000 - 0x00007ffdbde05000 	C:\WINDOWS\SYSTEM32\dbgcore.DLL
0x00007ffddcba0000 - 0x00007ffddcc22000 	C:\WINDOWS\System32\bcryptPrimitives.dll
0x00007ffdd2070000 - 0x00007ffdd208f000 	C:\Program Files\Java\jdk-21\bin\java.dll
0x00007ffdde470000 - 0x00007ffddebb5000 	C:\WINDOWS\System32\SHELL32.dll
0x00007ffdda890000 - 0x00007ffddb022000 	C:\WINDOWS\SYSTEM32\windows.storage.dll
0x00007ffddec60000 - 0x00007ffddefb5000 	C:\WINDOWS\System32\combase.dll
0x00007ffddc340000 - 0x00007ffddc370000 	C:\WINDOWS\SYSTEM32\Wldp.dll
0x00007ffdddb00000 - 0x00007ffdddbad000 	C:\WINDOWS\System32\SHCORE.dll
0x00007ffdddaa0000 - 0x00007ffdddaf5000 	C:\WINDOWS\System32\shlwapi.dll
0x00007ffddc820000 - 0x00007ffddc83f000 	C:\WINDOWS\SYSTEM32\profapi.dll
0x00007ffda1a20000 - 0x00007ffda1af7000 	C:\Program Files\Java\jdk-21\bin\jsvml.dll
0x00007ffdd8000000 - 0x00007ffdd8010000 	C:\Program Files\Java\jdk-21\bin\net.dll
0x00007ffdd6340000 - 0x00007ffdd644c000 	C:\WINDOWS\SYSTEM32\WINHTTP.dll
0x00007ffddc0a0000 - 0x00007ffddc10a000 	C:\WINDOWS\system32\mswsock.dll
0x00007ffdc0f70000 - 0x00007ffdc0f86000 	C:\Program Files\Java\jdk-21\bin\nio.dll

dbghelp: loaded successfully - version: 4.0.5 - missing functions: none
symbol engine: initialized successfully - sym options: 0x614 - pdb path: (cannot be retrieved)

VM Arguments:
jvm_args: -Dfile.encoding=UTF-8 --module-path=D:\iTi\9 Months\13.Java oop\Labs\lab 5\Mini_Project_kassas_Huda_V2\build\classes 
java_command: mini_project_kassas_huda_v2.Mini_Project_kassas_Huda_V2
java_class_path (initial): D:\iTi\9 Months\13.Java oop\Labs\lab 5\Mini_Project_kassas_Huda_V2\build\classes
Launcher Type: SUN_STANDARD

[Global flags]
     intx CICompilerCount                          = 4                                         {product} {ergonomic}
     uint ConcGCThreads                            = 2                                         {product} {ergonomic}
     uint G1ConcRefinementThreads                  = 8                                         {product} {ergonomic}
   size_t G1HeapRegionSize                         = 1048576                                   {product} {ergonomic}
    uintx GCDrainStackTargetSize                   = 64                                        {product} {ergonomic}
   size_t InitialHeapSize                          = 132120576                                 {product} {ergonomic}
   size_t MarkStackSize                            = 4194304                                   {product} {ergonomic}
   size_t MaxHeapSize                              = 2090860544                                {product} {ergonomic}
   size_t MaxNewSize                               = 1254096896                                {product} {ergonomic}
   size_t MinHeapDeltaBytes                        = 1048576                                   {product} {ergonomic}
   size_t MinHeapSize                              = 8388608                                   {product} {ergonomic}
    uintx NonNMethodCodeHeapSize                   = 5839372                                {pd product} {ergonomic}
    uintx NonProfiledCodeHeapSize                  = 122909434                              {pd product} {ergonomic}
    uintx ProfiledCodeHeapSize                     = 122909434                              {pd product} {ergonomic}
    uintx ReservedCodeCacheSize                    = 251658240                              {pd product} {ergonomic}
     bool SegmentedCodeCache                       = true                                      {product} {ergonomic}
   size_t SoftMaxHeapSize                          = 2090860544                             {manageable} {ergonomic}
     bool UseCompressedOops                        = true                           {product lp64_product} {ergonomic}
     bool UseG1GC                                  = true                                      {product} {ergonomic}
     bool UseLargePagesIndividualAllocation        = false                                  {pd product} {ergonomic}

Logging:
Log output configuration:
 #0: stdout all=warning uptime,level,tags foldmultilines=false
 #1: stderr all=off uptime,level,tags foldmultilines=false

Environment Variables:
PATH=C:\Program Files (x86)\VMware\VMware Workstation\bin\;C:\WinAVR-20100110\bin;C:\WinAVR-20100110\utils\bin;C:\Users\fatem\gcc\bin;C:\Users\fatem\gcc\libexec\gcc\x86_64-w64-mingw32\13.1.0;C:\Program Files\Common Files\Oracle\Java\javapath;C:\Program Files (x86)\ActiveState Komodo IDE 12\;C:\WINDOWS\system32;C:\WINDOWS;C:\WINDOWS\System32\Wbem;C:\WINDOWS\System32\WindowsPowerShell\v1.0\;C:\WINDOWS\System32\OpenSSH\;C:\Program Files (x86)\Microsoft SQL Server\100\Tools\Binn\;C:\Program Files\Microsoft SQL Server\100\Tools\Binn\;C:\Program Files\Microsoft SQL Server\100\DTS\Binn\;C:\Program Files\Microsoft SQL Server\120\Tools\Binn\;C:\Program Files\Java\jdk-20;C:\Program Files\dotnet\;D:\iTi\programs\New folder (2)\bin;C:\Program Files\Git\cmd;C:\Users\fatem\AppData\Local\activestate\cache\bin;C:\Users\fatem\AppData\Local\ActiveState\StateTool\release\bin;C:\Users\fatem\AppData\Local\Microsoft\WindowsApps;C:\Users\fatem\.dotnet\tools
USERNAME=fatem
OS=Windows_NT
PROCESSOR_IDENTIFIER=Intel64 Family 6 Model 165 Stepping 2, GenuineIntel
TMP=C:\Users\fatem\AppData\Local\Temp
TEMP=C:\Users\fatem\AppData\Local\Temp




Periodic native trim disabled

---------------  S Y S T E M  ---------------

OS:
 Windows 10 , 64 bit Build 19041 (10.0.19041.2546)
OS uptime: 1 days 4:00 hours

CPU: total 8 (initial active 8) (4 cores per cpu, 2 threads per core) family 6 model 165 stepping 2 microcode 0xea, cx8, cmov, fxsr, ht, mmx, 3dnowpref, sse, sse2, sse3, ssse3, sse4.1, sse4.2, popcnt, lzcnt, tsc, tscinvbit, avx, avx2, aes, erms, clmul, bmi1, bmi2, adx, fma, vzeroupper, clflush, clflushopt, rdtscp, f16c, pku
Processor Information for all 8 processors :
  Max Mhz: 2496, Current Mhz: 2496, Mhz Limit: 2496

Memory: 4k page, system-wide physical 7975M (1435M free)
TotalPageFile size 10023M (AvailPageFile size 0M)
current process WorkingSet (physical memory assigned to process): 34M, peak: 34M
current process commit charge ("private bytes"): 206M, peak: 206M

vm_info: Java HotSpot(TM) 64-Bit Server VM (21.0.1+12-LTS-29) for windows-amd64 JRE (21.0.1+12-LTS-29), built on 2023-10-05T13:27:09Z by "mach5one" with MS VC++ 17.1 (VS2022)

END.
